{"name":"Runs Cucumber Scenarios","status":"broken","statusDetails":{"known":false,"muted":false,"flaky":false,"message":"Could not convert arguments for step [^([^\"]*) goes to login page$] defined at 'stepdefinitions.StepDefinitions.goesToLoginPage(User) in file:/Users/ecemyilmaz/Desktop/Ecem/yanimda_mobile/target/test-classes/'.\nThe details are in the stacktrace below.","trace":"cucumber.runtime.CucumberException: Could not convert arguments for step [^([^\"]*) goes to login page$] defined at 'stepdefinitions.StepDefinitions.goesToLoginPage(User) in file:/Users/ecemyilmaz/Desktop/Ecem/yanimda_mobile/target/test-classes/'.\nThe details are in the stacktrace below.\n\tat cucumber.runner.PickleStepDefinitionMatch.couldNotConvertArguments(PickleStepDefinitionMatch.java:69)\n\tat cucumber.runner.PickleStepDefinitionMatch.runStep(PickleStepDefinitionMatch.java:46)\n\tat cucumber.runner.TestStep.executeStep(TestStep.java:65)\n\tat cucumber.runner.TestStep.run(TestStep.java:50)\n\tat cucumber.runner.PickleStepTestStep.run(PickleStepTestStep.java:43)\n\tat cucumber.runner.TestCase.run(TestCase.java:46)\n\tat cucumber.runner.Runner.runPickle(Runner.java:50)\n\tat io.cucumber.testng.TestNGCucumberRunner.runScenario(TestNGCucumberRunner.java:79)\n\tat io.cucumber.testng.AbstractTestNGCucumberTests.runScenario(AbstractTestNGCucumberTests.java:24)\n\tat sun.reflect.NativeMethodAccessorImpl.invoke0(Native Method)\n\tat sun.reflect.NativeMethodAccessorImpl.invoke(NativeMethodAccessorImpl.java:62)\n\tat sun.reflect.DelegatingMethodAccessorImpl.invoke(DelegatingMethodAccessorImpl.java:43)\n\tat java.lang.reflect.Method.invoke(Method.java:498)\n\tat org.testng.internal.MethodInvocationHelper.invokeMethod(MethodInvocationHelper.java:85)\n\tat org.testng.internal.Invoker.invokeMethod(Invoker.java:639)\n\tat org.testng.internal.Invoker.invokeTestMethod(Invoker.java:816)\n\tat org.testng.internal.Invoker.invokeTestMethods(Invoker.java:1124)\n\tat org.testng.internal.TestMethodWorker.invokeTestMethods(TestMethodWorker.java:125)\n\tat org.testng.internal.TestMethodWorker.run(TestMethodWorker.java:108)\n\tat org.testng.TestRunner.privateRun(TestRunner.java:774)\n\tat org.testng.TestRunner.run(TestRunner.java:624)\n\tat org.testng.SuiteRunner.runTest(SuiteRunner.java:359)\n\tat org.testng.SuiteRunner.runSequentially(SuiteRunner.java:354)\n\tat org.testng.SuiteRunner.privateRun(SuiteRunner.java:312)\n\tat org.testng.SuiteRunner.run(SuiteRunner.java:261)\n\tat org.testng.SuiteRunnerWorker.runSuite(SuiteRunnerWorker.java:52)\n\tat org.testng.SuiteRunnerWorker.run(SuiteRunnerWorker.java:86)\n\tat org.testng.TestNG.runSuitesSequentially(TestNG.java:1191)\n\tat org.testng.TestNG.runSuitesLocally(TestNG.java:1116)\n\tat org.testng.TestNG.run(TestNG.java:1024)\n\tat com.intellij.rt.testng.IDEARemoteTestNG.run(IDEARemoteTestNG.java:66)\n\tat com.intellij.rt.testng.RemoteTestNGStarter.main(RemoteTestNGStarter.java:109)\nCaused by: io.cucumber.cucumberexpressions.CucumberExpressionException: ParameterType {anonymous} failed to transform [User] to class utility.User\n\tat io.cucumber.cucumberexpressions.ParameterType.transform(ParameterType.java:190)\n\tat io.cucumber.cucumberexpressions.Argument.getValue(Argument.java:64)\n\tat io.cucumber.stepexpression.ExpressionArgument.getValue(ExpressionArgument.java:15)\n\tat cucumber.runner.PickleStepDefinitionMatch.runStep(PickleStepDefinitionMatch.java:41)\n\t... 30 more\nCaused by: java.lang.IllegalArgumentException: Can't transform 'User' to class utility.User\nBuiltInParameterTransformer only supports a limited number of class types\nConsider using a different object mapper or register a parameter type for class utility.User\n\tat io.cucumber.cucumberexpressions.BuiltInParameterTransformer.createIllegalArgumentException(BuiltInParameterTransformer.java:87)\n\tat io.cucumber.cucumberexpressions.BuiltInParameterTransformer.transform(BuiltInParameterTransformer.java:82)\n\tat io.cucumber.cucumberexpressions.ObjectMapperTransformer.transform(ObjectMapperTransformer.java:18)\n\tat io.cucumber.cucumberexpressions.ParameterType$TransformerAdaptor.transform(ParameterType.java:215)\n\tat io.cucumber.cucumberexpressions.ParameterType.transform(ParameterType.java:186)\n\t... 33 more\n"},"stage":"finished","steps":[],"attachments":[],"parameters":[{"name":"arg1","value":"\"Login & Logout Scenarios\""},{"name":"arg0","value":"\"1 Verify that the user can log in with the correct information\""}],"start":1613852612690,"stop":1613852613603,"uuid":"c441f872-ce34-4160-b125-7cd90b89597a","historyId":"2af1072ce722b6103e45dc0d66f97ea4","fullName":"io.cucumber.testng.AbstractTestNGCucumberTests.runScenario","labels":[{"name":"package","value":"runner.RunCucumberTests"},{"name":"testClass","value":"runner.RunCucumberTests"},{"name":"testMethod","value":"runScenario"},{"name":"parentSuite","value":"Default Suite"},{"name":"suite","value":"eshop.yanimda"},{"name":"subSuite","value":"runner.RunCucumberTests"},{"name":"host","value":"Ecems-MacBook-Pro.local"},{"name":"thread","value":"12381@Ecems-MacBook-Pro.local.main(1)"},{"name":"framework","value":"testng"},{"name":"language","value":"java"}],"links":[]}