{"name":"Runs Cucumber Scenarios","status":"broken","statusDetails":{"known":false,"muted":false,"flaky":false,"message":"Could not create a cucumber expression for '{user} goes to login page'.\nIt appears you did not register parameter type. The details are in the stacktrace below.\nYou can find the documentation here: https://docs.cucumber.io/cucumber/cucumber-expressions/","trace":"cucumber.runtime.CucumberException: Could not create a cucumber expression for '{user} goes to login page'.\nIt appears you did not register parameter type. The details are in the stacktrace below.\nYou can find the documentation here: https://docs.cucumber.io/cucumber/cucumber-expressions/\n\tat io.cucumber.stepexpression.StepExpressionFactory.registerTypeInConfiguration(StepExpressionFactory.java:93)\n\tat io.cucumber.stepexpression.StepExpressionFactory.createExpression(StepExpressionFactory.java:65)\n\tat io.cucumber.stepexpression.StepExpressionFactory.createExpression(StepExpressionFactory.java:54)\n\tat cucumber.runtime.java.JavaStepDefinition.createExpression(JavaStepDefinition.java:51)\n\tat cucumber.runtime.java.JavaStepDefinition.<init>(JavaStepDefinition.java:40)\n\tat cucumber.runtime.java.JavaBackend.addStepDefinition(JavaBackend.java:174)\n\tat cucumber.runtime.java.MethodScanner.scan(MethodScanner.java:64)\n\tat cucumber.runtime.java.MethodScanner.scan(MethodScanner.java:41)\n\tat cucumber.runtime.java.JavaBackend.loadGlue(JavaBackend.java:111)\n\tat cucumber.runner.Runner.<init>(Runner.java:39)\n\tat cucumber.runner.ThreadLocalRunnerSupplier.createRunner(ThreadLocalRunnerSupplier.java:42)\n\tat cucumber.runner.ThreadLocalRunnerSupplier.access$000(ThreadLocalRunnerSupplier.java:13)\n\tat cucumber.runner.ThreadLocalRunnerSupplier$1.initialValue(ThreadLocalRunnerSupplier.java:22)\n\tat cucumber.runner.ThreadLocalRunnerSupplier$1.initialValue(ThreadLocalRunnerSupplier.java:19)\n\tat java.lang.ThreadLocal.setInitialValue(ThreadLocal.java:180)\n\tat java.lang.ThreadLocal.get(ThreadLocal.java:170)\n\tat cucumber.runner.ThreadLocalRunnerSupplier.get(ThreadLocalRunnerSupplier.java:38)\n\tat io.cucumber.testng.TestNGCucumberRunner.runScenario(TestNGCucumberRunner.java:77)\n\tat io.cucumber.testng.AbstractTestNGCucumberTests.runScenario(AbstractTestNGCucumberTests.java:24)\n\tat sun.reflect.NativeMethodAccessorImpl.invoke0(Native Method)\n\tat sun.reflect.NativeMethodAccessorImpl.invoke(NativeMethodAccessorImpl.java:62)\n\tat sun.reflect.DelegatingMethodAccessorImpl.invoke(DelegatingMethodAccessorImpl.java:43)\n\tat java.lang.reflect.Method.invoke(Method.java:498)\n\tat org.testng.internal.MethodInvocationHelper.invokeMethod(MethodInvocationHelper.java:85)\n\tat org.testng.internal.Invoker.invokeMethod(Invoker.java:639)\n\tat org.testng.internal.Invoker.invokeTestMethod(Invoker.java:816)\n\tat org.testng.internal.Invoker.invokeTestMethods(Invoker.java:1124)\n\tat org.testng.internal.TestMethodWorker.invokeTestMethods(TestMethodWorker.java:125)\n\tat org.testng.internal.TestMethodWorker.run(TestMethodWorker.java:108)\n\tat org.testng.TestRunner.privateRun(TestRunner.java:774)\n\tat org.testng.TestRunner.run(TestRunner.java:624)\n\tat org.testng.SuiteRunner.runTest(SuiteRunner.java:359)\n\tat org.testng.SuiteRunner.runSequentially(SuiteRunner.java:354)\n\tat org.testng.SuiteRunner.privateRun(SuiteRunner.java:312)\n\tat org.testng.SuiteRunner.run(SuiteRunner.java:261)\n\tat org.testng.SuiteRunnerWorker.runSuite(SuiteRunnerWorker.java:52)\n\tat org.testng.SuiteRunnerWorker.run(SuiteRunnerWorker.java:86)\n\tat org.testng.TestNG.runSuitesSequentially(TestNG.java:1191)\n\tat org.testng.TestNG.runSuitesLocally(TestNG.java:1116)\n\tat org.testng.TestNG.run(TestNG.java:1024)\n\tat com.intellij.rt.testng.IDEARemoteTestNG.run(IDEARemoteTestNG.java:66)\n\tat com.intellij.rt.testng.RemoteTestNGStarter.main(RemoteTestNGStarter.java:109)\nCaused by: io.cucumber.cucumberexpressions.UndefinedParameterTypeException: Undefined parameter type {user}. Please register a ParameterType for {user}.\n\tat io.cucumber.cucumberexpressions.CucumberExpression.processParameters(CucumberExpression.java:101)\n\tat io.cucumber.cucumberexpressions.CucumberExpression.<init>(CucumberExpression.java:32)\n\tat io.cucumber.cucumberexpressions.ExpressionFactory.createExpression(ExpressionFactory.java:44)\n\tat io.cucumber.stepexpression.StepExpressionFactory.createExpression(StepExpressionFactory.java:63)\n\t... 40 more\n"},"stage":"finished","steps":[],"attachments":[],"parameters":[{"name":"arg1","value":"\"Login & Logout Scenarios\""},{"name":"arg0","value":"\"1 Verify that the user can log in with the correct information\""}],"start":1613854514608,"stop":1613854515192,"uuid":"e359aa27-ebe8-4764-ba88-18298c69960c","historyId":"2af1072ce722b6103e45dc0d66f97ea4","fullName":"io.cucumber.testng.AbstractTestNGCucumberTests.runScenario","labels":[{"name":"package","value":"runner.RunCucumberTests"},{"name":"testClass","value":"runner.RunCucumberTests"},{"name":"testMethod","value":"runScenario"},{"name":"parentSuite","value":"Default Suite"},{"name":"suite","value":"eshop.yanimda"},{"name":"subSuite","value":"runner.RunCucumberTests"},{"name":"host","value":"Ecems-MacBook-Pro.local"},{"name":"thread","value":"13351@Ecems-MacBook-Pro.local.main(1)"},{"name":"framework","value":"testng"},{"name":"language","value":"java"}],"links":[]}